00:59:29.686 [main] ERROR c.alibaba.druid.pool.DruidDataSource - dataSource init error
java.sql.SQLException: org.h2.Driver
	at com.alibaba.druid.util.JdbcUtils.createDriver(JdbcUtils.java:520) ~[druid-1.0.9.jar:1.0.9]
	at com.alibaba.druid.pool.DruidDataSource.init(DruidDataSource.java:583) [druid-1.0.9.jar:1.0.9]
	at com.alibaba.druid.pool.DruidDataSource.getConnection(DruidDataSource.java:915) [druid-1.0.9.jar:1.0.9]
	at com.alibaba.druid.pool.DruidDataSource.getConnection(DruidDataSource.java:911) [druid-1.0.9.jar:1.0.9]
	at com.alibaba.druid.pool.DruidDataSource.getConnection(DruidDataSource.java:98) [druid-1.0.9.jar:1.0.9]
	at com.jfinal.plugin.activerecord.TableBuilder.build(TableBuilder.java:23) [classes/:na]
	at com.jfinal.plugin.activerecord.ActiveRecordPlugin.start(ActiveRecordPlugin.java:171) [classes/:na]
	at goja.plugins.tablebind.AutoTableBindPlugin.start(AutoTableBindPlugin.java:50) [classes/:na]
	at com.jfinal.core.Config.startPlugins(Config.java:84) [classes/:na]
	at com.jfinal.core.Config.configJFinal(Config.java:47) [classes/:na]
	at com.jfinal.core.JFinal.init(JFinal.java:67) [classes/:na]
	at sun.reflect.NativeMethodAccessorImpl.invoke0(Native Method) ~[na:1.7.0_60]
	at sun.reflect.NativeMethodAccessorImpl.invoke(NativeMethodAccessorImpl.java:57) ~[na:1.7.0_60]
	at sun.reflect.DelegatingMethodAccessorImpl.invoke(DelegatingMethodAccessorImpl.java:43) ~[na:1.7.0_60]
	at java.lang.reflect.Method.invoke(Method.java:606) ~[na:1.7.0_60]
	at goja.kits.Reflect.on(Reflect.java:215) [classes/:na]
	at goja.kits.Reflect.call(Reflect.java:499) [classes/:na]
	at goja.test.ControllerTestCase.initConfig(ControllerTestCase.java:82) [classes/:na]
	at goja.test.ControllerTestCase.start(ControllerTestCase.java:97) [classes/:na]
	at goja.test.ControllerTestCase.init(ControllerTestCase.java:173) [classes/:na]
	at sun.reflect.NativeMethodAccessorImpl.invoke0(Native Method) ~[na:1.7.0_60]
	at sun.reflect.NativeMethodAccessorImpl.invoke(NativeMethodAccessorImpl.java:57) ~[na:1.7.0_60]
	at sun.reflect.DelegatingMethodAccessorImpl.invoke(DelegatingMethodAccessorImpl.java:43) ~[na:1.7.0_60]
	at java.lang.reflect.Method.invoke(Method.java:606) ~[na:1.7.0_60]
	at org.junit.runners.model.FrameworkMethod$1.runReflectiveCall(FrameworkMethod.java:47) [junit-4.11.jar:na]
	at org.junit.internal.runners.model.ReflectiveCallable.run(ReflectiveCallable.java:12) [junit-4.11.jar:na]
	at org.junit.runners.model.FrameworkMethod.invokeExplosively(FrameworkMethod.java:44) [junit-4.11.jar:na]
	at org.junit.internal.runners.statements.RunBefores.evaluate(RunBefores.java:24) [junit-4.11.jar:na]
	at org.junit.runners.ParentRunner.runLeaf(ParentRunner.java:271) [junit-4.11.jar:na]
	at org.junit.runners.BlockJUnit4ClassRunner.runChild(BlockJUnit4ClassRunner.java:70) [junit-4.11.jar:na]
	at org.junit.runners.BlockJUnit4ClassRunner.runChild(BlockJUnit4ClassRunner.java:50) [junit-4.11.jar:na]
	at org.junit.runners.ParentRunner$3.run(ParentRunner.java:238) [junit-4.11.jar:na]
	at org.junit.runners.ParentRunner$1.schedule(ParentRunner.java:63) [junit-4.11.jar:na]
	at org.junit.runners.ParentRunner.runChildren(ParentRunner.java:236) [junit-4.11.jar:na]
	at org.junit.runners.ParentRunner.access$000(ParentRunner.java:53) [junit-4.11.jar:na]
	at org.junit.runners.ParentRunner$2.evaluate(ParentRunner.java:229) [junit-4.11.jar:na]
	at org.junit.internal.runners.statements.RunAfters.evaluate(RunAfters.java:27) [junit-4.11.jar:na]
	at org.junit.runners.ParentRunner.run(ParentRunner.java:309) [junit-4.11.jar:na]
	at org.apache.maven.surefire.junit4.JUnit4Provider.execute(JUnit4Provider.java:252) [surefire-junit4-2.12.4.jar:2.12.4]
	at org.apache.maven.surefire.junit4.JUnit4Provider.executeTestSet(JUnit4Provider.java:141) [surefire-junit4-2.12.4.jar:2.12.4]
	at org.apache.maven.surefire.junit4.JUnit4Provider.invoke(JUnit4Provider.java:112) [surefire-junit4-2.12.4.jar:2.12.4]
	at sun.reflect.NativeMethodAccessorImpl.invoke0(Native Method) ~[na:1.7.0_60]
	at sun.reflect.NativeMethodAccessorImpl.invoke(NativeMethodAccessorImpl.java:57) ~[na:1.7.0_60]
	at sun.reflect.DelegatingMethodAccessorImpl.invoke(DelegatingMethodAccessorImpl.java:43) ~[na:1.7.0_60]
	at java.lang.reflect.Method.invoke(Method.java:606) ~[na:1.7.0_60]
	at org.apache.maven.surefire.util.ReflectionUtils.invokeMethodWithArray(ReflectionUtils.java:189) [surefire-api-2.12.4.jar:2.12.4]
	at org.apache.maven.surefire.booter.ProviderFactory$ProviderProxy.invoke(ProviderFactory.java:165) [surefire-booter-2.12.4.jar:2.12.4]
	at org.apache.maven.surefire.booter.ProviderFactory.invokeProvider(ProviderFactory.java:85) [surefire-booter-2.12.4.jar:2.12.4]
	at org.apache.maven.surefire.booter.ForkedBooter.runSuitesInProcess(ForkedBooter.java:115) [surefire-booter-2.12.4.jar:2.12.4]
	at org.apache.maven.surefire.booter.ForkedBooter.main(ForkedBooter.java:75) [surefire-booter-2.12.4.jar:2.12.4]
Caused by: java.lang.ClassNotFoundException: org.h2.Driver
	at java.net.URLClassLoader$1.run(URLClassLoader.java:366) ~[na:1.7.0_60]
	at java.net.URLClassLoader$1.run(URLClassLoader.java:355) ~[na:1.7.0_60]
	at java.security.AccessController.doPrivileged(Native Method) ~[na:1.7.0_60]
	at java.net.URLClassLoader.findClass(URLClassLoader.java:354) ~[na:1.7.0_60]
	at java.lang.ClassLoader.loadClass(ClassLoader.java:425) ~[na:1.7.0_60]
	at sun.misc.Launcher$AppClassLoader.loadClass(Launcher.java:308) ~[na:1.7.0_60]
	at java.lang.ClassLoader.loadClass(ClassLoader.java:358) ~[na:1.7.0_60]
	at java.lang.Class.forName0(Native Method) ~[na:1.7.0_60]
	at java.lang.Class.forName(Class.java:190) ~[na:1.7.0_60]
	at com.alibaba.druid.util.JdbcUtils.createDriver(JdbcUtils.java:518) ~[druid-1.0.9.jar:1.0.9]
	... 49 common frames omitted
00:59:29.693 [main] INFO  c.alibaba.druid.pool.DruidDataSource - {dataSource-1} inited
00:59:29.700 [main] ERROR com.jfinal.core.Config - Plugin start error: goja.plugins.tablebind.AutoTableBindPlugin. 
java.sql.SQLException: org.h2.Driver
com.jfinal.plugin.activerecord.ActiveRecordException: java.sql.SQLException: org.h2.Driver
	at com.jfinal.plugin.activerecord.TableBuilder.build(TableBuilder.java:35) ~[classes/:na]
	at com.jfinal.plugin.activerecord.ActiveRecordPlugin.start(ActiveRecordPlugin.java:171) ~[classes/:na]
	at goja.plugins.tablebind.AutoTableBindPlugin.start(AutoTableBindPlugin.java:50) ~[classes/:na]
	at com.jfinal.core.Config.startPlugins(Config.java:84) [classes/:na]
	at com.jfinal.core.Config.configJFinal(Config.java:47) [classes/:na]
	at com.jfinal.core.JFinal.init(JFinal.java:67) [classes/:na]
	at sun.reflect.NativeMethodAccessorImpl.invoke0(Native Method) ~[na:1.7.0_60]
	at sun.reflect.NativeMethodAccessorImpl.invoke(NativeMethodAccessorImpl.java:57) ~[na:1.7.0_60]
	at sun.reflect.DelegatingMethodAccessorImpl.invoke(DelegatingMethodAccessorImpl.java:43) ~[na:1.7.0_60]
	at java.lang.reflect.Method.invoke(Method.java:606) ~[na:1.7.0_60]
	at goja.kits.Reflect.on(Reflect.java:215) [classes/:na]
	at goja.kits.Reflect.call(Reflect.java:499) [classes/:na]
	at goja.test.ControllerTestCase.initConfig(ControllerTestCase.java:82) [classes/:na]
	at goja.test.ControllerTestCase.start(ControllerTestCase.java:97) [classes/:na]
	at goja.test.ControllerTestCase.init(ControllerTestCase.java:173) [classes/:na]
	at sun.reflect.NativeMethodAccessorImpl.invoke0(Native Method) ~[na:1.7.0_60]
	at sun.reflect.NativeMethodAccessorImpl.invoke(NativeMethodAccessorImpl.java:57) ~[na:1.7.0_60]
	at sun.reflect.DelegatingMethodAccessorImpl.invoke(DelegatingMethodAccessorImpl.java:43) ~[na:1.7.0_60]
	at java.lang.reflect.Method.invoke(Method.java:606) ~[na:1.7.0_60]
	at org.junit.runners.model.FrameworkMethod$1.runReflectiveCall(FrameworkMethod.java:47) [junit-4.11.jar:na]
	at org.junit.internal.runners.model.ReflectiveCallable.run(ReflectiveCallable.java:12) [junit-4.11.jar:na]
	at org.junit.runners.model.FrameworkMethod.invokeExplosively(FrameworkMethod.java:44) [junit-4.11.jar:na]
	at org.junit.internal.runners.statements.RunBefores.evaluate(RunBefores.java:24) [junit-4.11.jar:na]
	at org.junit.runners.ParentRunner.runLeaf(ParentRunner.java:271) [junit-4.11.jar:na]
	at org.junit.runners.BlockJUnit4ClassRunner.runChild(BlockJUnit4ClassRunner.java:70) [junit-4.11.jar:na]
	at org.junit.runners.BlockJUnit4ClassRunner.runChild(BlockJUnit4ClassRunner.java:50) [junit-4.11.jar:na]
	at org.junit.runners.ParentRunner$3.run(ParentRunner.java:238) [junit-4.11.jar:na]
	at org.junit.runners.ParentRunner$1.schedule(ParentRunner.java:63) [junit-4.11.jar:na]
	at org.junit.runners.ParentRunner.runChildren(ParentRunner.java:236) [junit-4.11.jar:na]
	at org.junit.runners.ParentRunner.access$000(ParentRunner.java:53) [junit-4.11.jar:na]
	at org.junit.runners.ParentRunner$2.evaluate(ParentRunner.java:229) [junit-4.11.jar:na]
	at org.junit.internal.runners.statements.RunAfters.evaluate(RunAfters.java:27) [junit-4.11.jar:na]
	at org.junit.runners.ParentRunner.run(ParentRunner.java:309) [junit-4.11.jar:na]
	at org.apache.maven.surefire.junit4.JUnit4Provider.execute(JUnit4Provider.java:252) [surefire-junit4-2.12.4.jar:2.12.4]
	at org.apache.maven.surefire.junit4.JUnit4Provider.executeTestSet(JUnit4Provider.java:141) [surefire-junit4-2.12.4.jar:2.12.4]
	at org.apache.maven.surefire.junit4.JUnit4Provider.invoke(JUnit4Provider.java:112) [surefire-junit4-2.12.4.jar:2.12.4]
	at sun.reflect.NativeMethodAccessorImpl.invoke0(Native Method) ~[na:1.7.0_60]
	at sun.reflect.NativeMethodAccessorImpl.invoke(NativeMethodAccessorImpl.java:57) ~[na:1.7.0_60]
	at sun.reflect.DelegatingMethodAccessorImpl.invoke(DelegatingMethodAccessorImpl.java:43) ~[na:1.7.0_60]
	at java.lang.reflect.Method.invoke(Method.java:606) ~[na:1.7.0_60]
	at org.apache.maven.surefire.util.ReflectionUtils.invokeMethodWithArray(ReflectionUtils.java:189) [surefire-api-2.12.4.jar:2.12.4]
	at org.apache.maven.surefire.booter.ProviderFactory$ProviderProxy.invoke(ProviderFactory.java:165) [surefire-booter-2.12.4.jar:2.12.4]
	at org.apache.maven.surefire.booter.ProviderFactory.invokeProvider(ProviderFactory.java:85) [surefire-booter-2.12.4.jar:2.12.4]
	at org.apache.maven.surefire.booter.ForkedBooter.runSuitesInProcess(ForkedBooter.java:115) [surefire-booter-2.12.4.jar:2.12.4]
	at org.apache.maven.surefire.booter.ForkedBooter.main(ForkedBooter.java:75) [surefire-booter-2.12.4.jar:2.12.4]
Caused by: java.sql.SQLException: org.h2.Driver
	at com.alibaba.druid.util.JdbcUtils.createDriver(JdbcUtils.java:520) ~[druid-1.0.9.jar:1.0.9]
	at com.alibaba.druid.pool.DruidDataSource.init(DruidDataSource.java:583) ~[druid-1.0.9.jar:1.0.9]
	at com.alibaba.druid.pool.DruidDataSource.getConnection(DruidDataSource.java:915) ~[druid-1.0.9.jar:1.0.9]
	at com.alibaba.druid.pool.DruidDataSource.getConnection(DruidDataSource.java:911) ~[druid-1.0.9.jar:1.0.9]
	at com.alibaba.druid.pool.DruidDataSource.getConnection(DruidDataSource.java:98) ~[druid-1.0.9.jar:1.0.9]
	at com.jfinal.plugin.activerecord.TableBuilder.build(TableBuilder.java:23) ~[classes/:na]
	... 44 common frames omitted
Caused by: java.lang.ClassNotFoundException: org.h2.Driver
	at java.net.URLClassLoader$1.run(URLClassLoader.java:366) ~[na:1.7.0_60]
	at java.net.URLClassLoader$1.run(URLClassLoader.java:355) ~[na:1.7.0_60]
	at java.security.AccessController.doPrivileged(Native Method) ~[na:1.7.0_60]
	at java.net.URLClassLoader.findClass(URLClassLoader.java:354) ~[na:1.7.0_60]
	at java.lang.ClassLoader.loadClass(ClassLoader.java:425) ~[na:1.7.0_60]
	at sun.misc.Launcher$AppClassLoader.loadClass(Launcher.java:308) ~[na:1.7.0_60]
	at java.lang.ClassLoader.loadClass(ClassLoader.java:358) ~[na:1.7.0_60]
	at java.lang.Class.forName0(Native Method) ~[na:1.7.0_60]
	at java.lang.Class.forName(Class.java:190) ~[na:1.7.0_60]
	at com.alibaba.druid.util.JdbcUtils.createDriver(JdbcUtils.java:518) ~[druid-1.0.9.jar:1.0.9]
	... 49 common frames omitted
00:59:29.718 [main] ERROR com.jfinal.core.Config - Plugin start error: goja.plugins.tablebind.AutoTableBindPlugin. 
Config already exists: main
java.lang.IllegalArgumentException: Config already exists: main
	at com.jfinal.plugin.activerecord.DbKit.addConfig(DbKit.java:59) ~[classes/:na]
	at com.jfinal.plugin.activerecord.ActiveRecordPlugin.start(ActiveRecordPlugin.java:169) ~[classes/:na]
	at goja.plugins.tablebind.AutoTableBindPlugin.start(AutoTableBindPlugin.java:50) ~[classes/:na]
	at com.jfinal.core.Config.startPlugins(Config.java:84) [classes/:na]
	at com.jfinal.core.Config.configJFinal(Config.java:47) [classes/:na]
	at com.jfinal.core.JFinal.init(JFinal.java:67) [classes/:na]
	at sun.reflect.NativeMethodAccessorImpl.invoke0(Native Method) ~[na:1.7.0_60]
	at sun.reflect.NativeMethodAccessorImpl.invoke(NativeMethodAccessorImpl.java:57) ~[na:1.7.0_60]
	at sun.reflect.DelegatingMethodAccessorImpl.invoke(DelegatingMethodAccessorImpl.java:43) ~[na:1.7.0_60]
	at java.lang.reflect.Method.invoke(Method.java:606) ~[na:1.7.0_60]
	at goja.kits.Reflect.on(Reflect.java:215) [classes/:na]
	at goja.kits.Reflect.call(Reflect.java:499) [classes/:na]
	at goja.test.ControllerTestCase.initConfig(ControllerTestCase.java:82) [classes/:na]
	at goja.test.ControllerTestCase.start(ControllerTestCase.java:97) [classes/:na]
	at goja.test.ControllerTestCase.init(ControllerTestCase.java:173) [classes/:na]
	at sun.reflect.NativeMethodAccessorImpl.invoke0(Native Method) ~[na:1.7.0_60]
	at sun.reflect.NativeMethodAccessorImpl.invoke(NativeMethodAccessorImpl.java:57) ~[na:1.7.0_60]
	at sun.reflect.DelegatingMethodAccessorImpl.invoke(DelegatingMethodAccessorImpl.java:43) ~[na:1.7.0_60]
	at java.lang.reflect.Method.invoke(Method.java:606) ~[na:1.7.0_60]
	at org.junit.runners.model.FrameworkMethod$1.runReflectiveCall(FrameworkMethod.java:47) [junit-4.11.jar:na]
	at org.junit.internal.runners.model.ReflectiveCallable.run(ReflectiveCallable.java:12) [junit-4.11.jar:na]
	at org.junit.runners.model.FrameworkMethod.invokeExplosively(FrameworkMethod.java:44) [junit-4.11.jar:na]
	at org.junit.internal.runners.statements.RunBefores.evaluate(RunBefores.java:24) [junit-4.11.jar:na]
	at org.junit.runners.ParentRunner.runLeaf(ParentRunner.java:271) [junit-4.11.jar:na]
	at org.junit.runners.BlockJUnit4ClassRunner.runChild(BlockJUnit4ClassRunner.java:70) [junit-4.11.jar:na]
	at org.junit.runners.BlockJUnit4ClassRunner.runChild(BlockJUnit4ClassRunner.java:50) [junit-4.11.jar:na]
	at org.junit.runners.ParentRunner$3.run(ParentRunner.java:238) [junit-4.11.jar:na]
	at org.junit.runners.ParentRunner$1.schedule(ParentRunner.java:63) [junit-4.11.jar:na]
	at org.junit.runners.ParentRunner.runChildren(ParentRunner.java:236) [junit-4.11.jar:na]
	at org.junit.runners.ParentRunner.access$000(ParentRunner.java:53) [junit-4.11.jar:na]
	at org.junit.runners.ParentRunner$2.evaluate(ParentRunner.java:229) [junit-4.11.jar:na]
	at org.junit.internal.runners.statements.RunAfters.evaluate(RunAfters.java:27) [junit-4.11.jar:na]
	at org.junit.runners.ParentRunner.run(ParentRunner.java:309) [junit-4.11.jar:na]
	at org.apache.maven.surefire.junit4.JUnit4Provider.execute(JUnit4Provider.java:252) [surefire-junit4-2.12.4.jar:2.12.4]
	at org.apache.maven.surefire.junit4.JUnit4Provider.executeTestSet(JUnit4Provider.java:141) [surefire-junit4-2.12.4.jar:2.12.4]
	at org.apache.maven.surefire.junit4.JUnit4Provider.invoke(JUnit4Provider.java:112) [surefire-junit4-2.12.4.jar:2.12.4]
	at sun.reflect.NativeMethodAccessorImpl.invoke0(Native Method) ~[na:1.7.0_60]
	at sun.reflect.NativeMethodAccessorImpl.invoke(NativeMethodAccessorImpl.java:57) ~[na:1.7.0_60]
	at sun.reflect.DelegatingMethodAccessorImpl.invoke(DelegatingMethodAccessorImpl.java:43) ~[na:1.7.0_60]
	at java.lang.reflect.Method.invoke(Method.java:606) ~[na:1.7.0_60]
	at org.apache.maven.surefire.util.ReflectionUtils.invokeMethodWithArray(ReflectionUtils.java:189) [surefire-api-2.12.4.jar:2.12.4]
	at org.apache.maven.surefire.booter.ProviderFactory$ProviderProxy.invoke(ProviderFactory.java:165) [surefire-booter-2.12.4.jar:2.12.4]
	at org.apache.maven.surefire.booter.ProviderFactory.invokeProvider(ProviderFactory.java:85) [surefire-booter-2.12.4.jar:2.12.4]
	at org.apache.maven.surefire.booter.ForkedBooter.runSuitesInProcess(ForkedBooter.java:115) [surefire-booter-2.12.4.jar:2.12.4]
	at org.apache.maven.surefire.booter.ForkedBooter.main(ForkedBooter.java:75) [surefire-booter-2.12.4.jar:2.12.4]
00:59:29.718 [main] ERROR com.jfinal.core.Config - Plugin start error: goja.plugins.tablebind.AutoTableBindPlugin. 
Config already exists: main
java.lang.IllegalArgumentException: Config already exists: main
	at com.jfinal.plugin.activerecord.DbKit.addConfig(DbKit.java:59) ~[classes/:na]
	at com.jfinal.plugin.activerecord.ActiveRecordPlugin.start(ActiveRecordPlugin.java:169) ~[classes/:na]
	at goja.plugins.tablebind.AutoTableBindPlugin.start(AutoTableBindPlugin.java:50) ~[classes/:na]
	at com.jfinal.core.Config.startPlugins(Config.java:84) [classes/:na]
	at com.jfinal.core.Config.configJFinal(Config.java:47) [classes/:na]
	at com.jfinal.core.JFinal.init(JFinal.java:67) [classes/:na]
	at sun.reflect.NativeMethodAccessorImpl.invoke0(Native Method) ~[na:1.7.0_60]
	at sun.reflect.NativeMethodAccessorImpl.invoke(NativeMethodAccessorImpl.java:57) ~[na:1.7.0_60]
	at sun.reflect.DelegatingMethodAccessorImpl.invoke(DelegatingMethodAccessorImpl.java:43) ~[na:1.7.0_60]
	at java.lang.reflect.Method.invoke(Method.java:606) ~[na:1.7.0_60]
	at goja.kits.Reflect.on(Reflect.java:215) [classes/:na]
	at goja.kits.Reflect.call(Reflect.java:499) [classes/:na]
	at goja.test.ControllerTestCase.initConfig(ControllerTestCase.java:82) [classes/:na]
	at goja.test.ControllerTestCase.start(ControllerTestCase.java:97) [classes/:na]
	at goja.test.ControllerTestCase.init(ControllerTestCase.java:173) [classes/:na]
	at sun.reflect.NativeMethodAccessorImpl.invoke0(Native Method) ~[na:1.7.0_60]
	at sun.reflect.NativeMethodAccessorImpl.invoke(NativeMethodAccessorImpl.java:57) ~[na:1.7.0_60]
	at sun.reflect.DelegatingMethodAccessorImpl.invoke(DelegatingMethodAccessorImpl.java:43) ~[na:1.7.0_60]
	at java.lang.reflect.Method.invoke(Method.java:606) ~[na:1.7.0_60]
	at org.junit.runners.model.FrameworkMethod$1.runReflectiveCall(FrameworkMethod.java:47) [junit-4.11.jar:na]
	at org.junit.internal.runners.model.ReflectiveCallable.run(ReflectiveCallable.java:12) [junit-4.11.jar:na]
	at org.junit.runners.model.FrameworkMethod.invokeExplosively(FrameworkMethod.java:44) [junit-4.11.jar:na]
	at org.junit.internal.runners.statements.RunBefores.evaluate(RunBefores.java:24) [junit-4.11.jar:na]
	at org.junit.runners.ParentRunner.runLeaf(ParentRunner.java:271) [junit-4.11.jar:na]
	at org.junit.runners.BlockJUnit4ClassRunner.runChild(BlockJUnit4ClassRunner.java:70) [junit-4.11.jar:na]
	at org.junit.runners.BlockJUnit4ClassRunner.runChild(BlockJUnit4ClassRunner.java:50) [junit-4.11.jar:na]
	at org.junit.runners.ParentRunner$3.run(ParentRunner.java:238) [junit-4.11.jar:na]
	at org.junit.runners.ParentRunner$1.schedule(ParentRunner.java:63) [junit-4.11.jar:na]
	at org.junit.runners.ParentRunner.runChildren(ParentRunner.java:236) [junit-4.11.jar:na]
	at org.junit.runners.ParentRunner.access$000(ParentRunner.java:53) [junit-4.11.jar:na]
	at org.junit.runners.ParentRunner$2.evaluate(ParentRunner.java:229) [junit-4.11.jar:na]
	at org.junit.internal.runners.statements.RunAfters.evaluate(RunAfters.java:27) [junit-4.11.jar:na]
	at org.junit.runners.ParentRunner.run(ParentRunner.java:309) [junit-4.11.jar:na]
	at org.apache.maven.surefire.junit4.JUnit4Provider.execute(JUnit4Provider.java:252) [surefire-junit4-2.12.4.jar:2.12.4]
	at org.apache.maven.surefire.junit4.JUnit4Provider.executeTestSet(JUnit4Provider.java:141) [surefire-junit4-2.12.4.jar:2.12.4]
	at org.apache.maven.surefire.junit4.JUnit4Provider.invoke(JUnit4Provider.java:112) [surefire-junit4-2.12.4.jar:2.12.4]
	at sun.reflect.NativeMethodAccessorImpl.invoke0(Native Method) ~[na:1.7.0_60]
	at sun.reflect.NativeMethodAccessorImpl.invoke(NativeMethodAccessorImpl.java:57) ~[na:1.7.0_60]
	at sun.reflect.DelegatingMethodAccessorImpl.invoke(DelegatingMethodAccessorImpl.java:43) ~[na:1.7.0_60]
	at java.lang.reflect.Method.invoke(Method.java:606) ~[na:1.7.0_60]
	at org.apache.maven.surefire.util.ReflectionUtils.invokeMethodWithArray(ReflectionUtils.java:189) [surefire-api-2.12.4.jar:2.12.4]
	at org.apache.maven.surefire.booter.ProviderFactory$ProviderProxy.invoke(ProviderFactory.java:165) [surefire-booter-2.12.4.jar:2.12.4]
	at org.apache.maven.surefire.booter.ProviderFactory.invokeProvider(ProviderFactory.java:85) [surefire-booter-2.12.4.jar:2.12.4]
	at org.apache.maven.surefire.booter.ForkedBooter.runSuitesInProcess(ForkedBooter.java:115) [surefire-booter-2.12.4.jar:2.12.4]
	at org.apache.maven.surefire.booter.ForkedBooter.main(ForkedBooter.java:75) [surefire-booter-2.12.4.jar:2.12.4]
